<?xml version="1.0" encoding="UTF-8"?>
<!-- Generated by org.testng.reporters.JUnitReportReporter -->
<testsuite hostname="DESKTOP-AIN38LD" failures="0" tests="4" name="runner.Runnerclass" time="67.278" errors="0" timestamp="2023-12-31T10:32:02 IST" skipped="0">
  <testcase classname="runner.Runnerclass" name="runScenario" time="14.420"/>
  <system-out/>
  <testcase classname="runner.Runnerclass" name="runScenario" time="18.859"/>
  <system-out/>
  <testcase classname="runner.Runnerclass" name="runScenario" time="10.817"/>
  <system-out/>
  <testcase classname="runner.Runnerclass" name="runScenario" time="23.182"/>
  <system-out/>
</testsuite> <!-- runner.Runnerclass -->
