<?xml version="1.0" encoding="UTF-8"?>
<!-- Generated by org.testng.reporters.JUnitReportReporter -->
<testsuite hostname="DESKTOP-AIN38LD" failures="0" tests="1" name="week6.day1.EditLead" time="64.554" errors="0" timestamp="2023-12-23T10:01:24 IST" skipped="0">
  <testcase classname="week6.day1.EditLead" name="runEditLead" time="64.554"/>
  <system-out/>
</testsuite> <!-- week6.day1.EditLead -->
