<?xml version="1.0" encoding="UTF-8"?>
<!-- Generated by org.testng.reporters.JUnitReportReporter -->
<testsuite hostname="DESKTOP-AIN38LD" failures="0" tests="1" name="com.orange.hrm.test.HomePageTest" time="3.207" errors="0" timestamp="2024-01-15T17:47:44 IST" skipped="0">
  <testcase classname="com.orange.hrm.test.HomePageTest" name="logout" time="3.207"/>
  <system-out/>
</testsuite> <!-- com.orange.hrm.test.HomePageTest -->
