<?xml version="1.0" encoding="UTF-8"?>
<!-- Generated by org.testng.reporters.JUnitReportReporter -->
<testsuite hostname="DESKTOP-AIN38LD" failures="0" tests="1" name="week5.day1.EditLead" time="28.522" errors="0" timestamp="2023-12-17T13:20:18 IST" skipped="0">
  <testcase classname="week5.day1.EditLead" name="runEditLead" time="28.522"/>
  <system-out/>
</testsuite> <!-- week5.day1.EditLead -->
