<?xml version="1.0" encoding="UTF-8"?>
<!-- Generated by org.testng.reporters.JUnitReportReporter -->
<testsuite hostname="DESKTOP-AIN38LD" failures="0" tests="1" name="week6.day1.HomeAssignments.RedHatPortalWithTestNGExcel" time="26.417" errors="0" timestamp="2023-12-27T13:44:24 IST" skipped="0">
  <testcase classname="week6.day1.HomeAssignments.RedHatPortalWithTestNGExcel" name="runRedHatPortal" time="26.417"/>
  <system-out/>
</testsuite> <!-- week6.day1.HomeAssignments.RedHatPortalWithTestNGExcel -->
