<?xml version="1.0" encoding="UTF-8"?>
<!-- Generated by org.testng.reporters.JUnitReportReporter -->
<testsuite hostname="DESKTOP-AIN38LD" failures="0" tests="3" name="week6.day1.CreateLead" time="210.842" errors="0" timestamp="2023-12-23T12:58:22 IST" skipped="0">
  <testcase classname="week6.day1.CreateLead" name="runCreateLead" time="74.382"/>
  <system-out/>
  <testcase classname="week6.day1.CreateLead" name="runCreateLead" time="71.091"/>
  <system-out/>
  <testcase classname="week6.day1.CreateLead" name="runCreateLead" time="65.369"/>
  <system-out/>
</testsuite> <!-- week6.day1.CreateLead -->
