<?xml version="1.0" encoding="UTF-8"?>
<!-- Generated by org.testng.reporters.JUnitReportReporter -->
<testsuite hostname="DESKTOP-AIN38LD" failures="0" tests="2" name="week5.day1.NewTest" time="0.014" errors="0" timestamp="2023-12-17T12:19:37 IST" skipped="0">
  <testcase classname="week5.day1.NewTest" name="sampletest1" time="0.009"/>
  <system-out/>
  <testcase classname="week5.day1.NewTest" name="sampletest2" time="0.005"/>
  <system-out/>
</testsuite> <!-- week5.day1.NewTest -->
