<?xml version="1.0" encoding="UTF-8"?>
<!-- Generated by org.testng.reporters.JUnitReportReporter -->
<testsuite hostname="DESKTOP-AIN38LD" failures="0" tests="1" name="JavaChallenge.TestngSample" time="12.441" errors="0" timestamp="2023-12-11T16:01:21 IST" skipped="0">
  <testcase classname="JavaChallenge.TestngSample" name="loginPage" time="12.441"/>
  <system-out/>
</testsuite> <!-- JavaChallenge.TestngSample -->
