<?xml version="1.0" encoding="UTF-8"?>
<!-- Generated by org.testng.reporters.JUnitReportReporter -->
<testsuite hostname="DESKTOP-AIN38LD" failures="0" tests="1" name="com.orange.hrm.test.LoginTest" time="2.667" errors="0" timestamp="2024-01-15T17:47:44 IST" skipped="0">
  <testcase classname="com.orange.hrm.test.LoginTest" name="loginToApplcnWithValidUsernamePassword" time="2.667"/>
  <system-out/>
</testsuite> <!-- com.orange.hrm.test.LoginTest -->
