<?xml version="1.0" encoding="UTF-8"?>
<!-- Generated by org.testng.reporters.JUnitReportReporter -->
<testsuite hostname="DESKTOP-AIN38LD" failures="0" tests="1" name="week5.day1.CreateLead" time="27.662" errors="0" timestamp="2023-12-17T13:20:18 IST" skipped="0">
  <testcase classname="week5.day1.CreateLead" name="runCreateLead" time="27.662"/>
  <system-out/>
</testsuite> <!-- week5.day1.CreateLead -->
