<?xml version="1.0" encoding="UTF-8"?>
<!-- Generated by org.testng.reporters.JUnitReportReporter -->
<testsuite hostname="DESKTOP-AIN38LD" failures="0" tests="3" name="week6.day2.CreateLead" time="157.484" errors="0" timestamp="2023-12-24T10:07:56 IST" skipped="0">
  <testcase classname="week6.day2.CreateLead" name="runCreateLead" time="59.289"/>
  <system-out/>
  <testcase classname="week6.day2.CreateLead" name="runCreateLead" time="38.191"/>
  <system-out/>
  <testcase classname="week6.day2.CreateLead" name="runCreateLead" time="60.004"/>
  <system-out/>
</testsuite> <!-- week6.day2.CreateLead -->
